This is pdfTeX, Version 3.141592653-2.6-1.40.26 (MiKTeX 24.4) (preloaded format=pdflatex 2024.8.18)  18 AUG 2024 22:16
entering extended mode
 restricted \write18 enabled.
 file:line:error style messages enabled.
 %&-line parsing enabled.
**./main.tex
(main.tex
LaTeX2e <2024-06-01> patch level 2
L3 programming layer <2024-07-20>
(C:\Users\roman\AppData\Local\Programs\MiKTeX\tex/latex/base\article.cls
Document Class: article 2024/02/08 v1.4n Standard LaTeX document class
(C:\Users\roman\AppData\Local\Programs\MiKTeX\tex/latex/base\size10.clo
File: size10.clo 2024/02/08 v1.4n Standard LaTeX file (size option)
)
\c@part=\count194
\c@section=\count195
\c@subsection=\count196
\c@subsubsection=\count197
\c@paragraph=\count198
\c@subparagraph=\count199
\c@figure=\count266
\c@table=\count267
\abovecaptionskip=\skip49
\belowcaptionskip=\skip50
\bibindent=\dimen141
)
(C:\Users\roman\AppData\Local\Programs\MiKTeX\tex/latex/graphics\graphicx.sty
Package: graphicx 2021/09/16 v1.2d Enhanced LaTeX Graphics (DPC,SPQR)

(C:\Users\roman\AppData\Local\Programs\MiKTeX\tex/latex/graphics\keyval.sty
Package: keyval 2022/05/29 v1.15 key=value parser (DPC)
\KV@toks@=\toks17
)
(C:\Users\roman\AppData\Local\Programs\MiKTeX\tex/latex/graphics\graphics.sty
Package: graphics 2024/05/23 v1.4g Standard LaTeX Graphics (DPC,SPQR)

(C:\Users\roman\AppData\Local\Programs\MiKTeX\tex/latex/graphics\trig.sty
Package: trig 2023/12/02 v1.11 sin cos tan (DPC)
)
(C:\Users\roman\AppData\Local\Programs\MiKTeX\tex/latex/graphics-cfg\graphics.c
fg
File: graphics.cfg 2016/06/04 v1.11 sample graphics configuration
)
Package graphics Info: Driver file: pdftex.def on input line 106.

(C:\Users\roman\AppData\Local\Programs\MiKTeX\tex/latex/graphics-def\pdftex.def
File: pdftex.def 2024/04/13 v1.2c Graphics/color driver for pdftex
))
\Gin@req@height=\dimen142
\Gin@req@width=\dimen143
)
(C:\Users\roman\AppData\Local\Programs\MiKTeX\tex/latex/pgf/frontendlayer\tikz.
sty
(C:\Users\roman\AppData\Local\Programs\MiKTeX\tex/latex/pgf/basiclayer\pgf.sty
(C:\Users\roman\AppData\Local\Programs\MiKTeX\tex/latex/pgf/utilities\pgfrcs.st
y
(C:\Users\roman\AppData\Local\Programs\MiKTeX\tex/generic/pgf/utilities\pgfutil
-common.tex
\pgfutil@everybye=\toks18
\pgfutil@tempdima=\dimen144
\pgfutil@tempdimb=\dimen145
)
(C:\Users\roman\AppData\Local\Programs\MiKTeX\tex/generic/pgf/utilities\pgfutil
-latex.def
\pgfutil@abb=\box52
)
(C:\Users\roman\AppData\Local\Programs\MiKTeX\tex/generic/pgf/utilities\pgfrcs.
code.tex
(C:\Users\roman\AppData\Local\Programs\MiKTeX\tex/generic/pgf\pgf.revision.tex)
Package: pgfrcs 2023-01-15 v3.1.10 (3.1.10)
))
Package: pgf 2023-01-15 v3.1.10 (3.1.10)

(C:\Users\roman\AppData\Local\Programs\MiKTeX\tex/latex/pgf/basiclayer\pgfcore.
sty
(C:\Users\roman\AppData\Local\Programs\MiKTeX\tex/latex/pgf/systemlayer\pgfsys.
sty
(C:\Users\roman\AppData\Local\Programs\MiKTeX\tex/generic/pgf/systemlayer\pgfsy
s.code.tex
Package: pgfsys 2023-01-15 v3.1.10 (3.1.10)

(C:\Users\roman\AppData\Local\Programs\MiKTeX\tex/generic/pgf/utilities\pgfkeys
.code.tex
\pgfkeys@pathtoks=\toks19
\pgfkeys@temptoks=\toks20

(C:\Users\roman\AppData\Local\Programs\MiKTeX\tex/generic/pgf/utilities\pgfkeys
libraryfiltered.code.tex
\pgfkeys@tmptoks=\toks21
))
\pgf@x=\dimen146
\pgf@y=\dimen147
\pgf@xa=\dimen148
\pgf@ya=\dimen149
\pgf@xb=\dimen150
\pgf@yb=\dimen151
\pgf@xc=\dimen152
\pgf@yc=\dimen153
\pgf@xd=\dimen154
\pgf@yd=\dimen155
\w@pgf@writea=\write3
\r@pgf@reada=\read2
\c@pgf@counta=\count268
\c@pgf@countb=\count269
\c@pgf@countc=\count270
\c@pgf@countd=\count271
\t@pgf@toka=\toks22
\t@pgf@tokb=\toks23
\t@pgf@tokc=\toks24
\pgf@sys@id@count=\count272

(C:\Users\roman\AppData\Local\Programs\MiKTeX\tex/generic/pgf/systemlayer\pgf.c
fg
File: pgf.cfg 2023-01-15 v3.1.10 (3.1.10)
)
Driver file for pgf: pgfsys-pdftex.def

(C:\Users\roman\AppData\Local\Programs\MiKTeX\tex/generic/pgf/systemlayer\pgfsy
s-pdftex.def
File: pgfsys-pdftex.def 2023-01-15 v3.1.10 (3.1.10)

(C:\Users\roman\AppData\Local\Programs\MiKTeX\tex/generic/pgf/systemlayer\pgfsy
s-common-pdf.def
File: pgfsys-common-pdf.def 2023-01-15 v3.1.10 (3.1.10)
)))
(C:\Users\roman\AppData\Local\Programs\MiKTeX\tex/generic/pgf/systemlayer\pgfsy
ssoftpath.code.tex
File: pgfsyssoftpath.code.tex 2023-01-15 v3.1.10 (3.1.10)
\pgfsyssoftpath@smallbuffer@items=\count273
\pgfsyssoftpath@bigbuffer@items=\count274
)
(C:\Users\roman\AppData\Local\Programs\MiKTeX\tex/generic/pgf/systemlayer\pgfsy
sprotocol.code.tex
File: pgfsysprotocol.code.tex 2023-01-15 v3.1.10 (3.1.10)
))
(C:\Users\roman\AppData\Local\Programs\MiKTeX\tex/latex/xcolor\xcolor.sty
Package: xcolor 2023/11/15 v3.01 LaTeX color extensions (UK)

(C:\Users\roman\AppData\Local\Programs\MiKTeX\tex/latex/graphics-cfg\color.cfg
File: color.cfg 2016/01/02 v1.6 sample color configuration
)
Package xcolor Info: Driver file: pdftex.def on input line 274.
(C:\Users\roman\AppData\Local\Programs\MiKTeX\tex/latex/graphics\mathcolor.ltx)
Package xcolor Info: Model `cmy' substituted by `cmy0' on input line 1350.
Package xcolor Info: Model `hsb' substituted by `rgb' on input line 1354.
Package xcolor Info: Model `RGB' extended on input line 1366.
Package xcolor Info: Model `HTML' substituted by `rgb' on input line 1368.
Package xcolor Info: Model `Hsb' substituted by `hsb' on input line 1369.
Package xcolor Info: Model `tHsb' substituted by `hsb' on input line 1370.
Package xcolor Info: Model `HSB' substituted by `hsb' on input line 1371.
Package xcolor Info: Model `Gray' substituted by `gray' on input line 1372.
Package xcolor Info: Model `wave' substituted by `hsb' on input line 1373.
)
(C:\Users\roman\AppData\Local\Programs\MiKTeX\tex/generic/pgf/basiclayer\pgfcor
e.code.tex
Package: pgfcore 2023-01-15 v3.1.10 (3.1.10)

(C:\Users\roman\AppData\Local\Programs\MiKTeX\tex/generic/pgf/math\pgfmath.code
.tex
(C:\Users\roman\AppData\Local\Programs\MiKTeX\tex/generic/pgf/math\pgfmathutil.
code.tex)
(C:\Users\roman\AppData\Local\Programs\MiKTeX\tex/generic/pgf/math\pgfmathparse
r.code.tex
\pgfmath@dimen=\dimen156
\pgfmath@count=\count275
\pgfmath@box=\box53
\pgfmath@toks=\toks25
\pgfmath@stack@operand=\toks26
\pgfmath@stack@operation=\toks27
)
(C:\Users\roman\AppData\Local\Programs\MiKTeX\tex/generic/pgf/math\pgfmathfunct
ions.code.tex)
(C:\Users\roman\AppData\Local\Programs\MiKTeX\tex/generic/pgf/math\pgfmathfunct
ions.basic.code.tex)
(C:\Users\roman\AppData\Local\Programs\MiKTeX\tex/generic/pgf/math\pgfmathfunct
ions.trigonometric.code.tex)
(C:\Users\roman\AppData\Local\Programs\MiKTeX\tex/generic/pgf/math\pgfmathfunct
ions.random.code.tex)
(C:\Users\roman\AppData\Local\Programs\MiKTeX\tex/generic/pgf/math\pgfmathfunct
ions.comparison.code.tex)
(C:\Users\roman\AppData\Local\Programs\MiKTeX\tex/generic/pgf/math\pgfmathfunct
ions.base.code.tex)
(C:\Users\roman\AppData\Local\Programs\MiKTeX\tex/generic/pgf/math\pgfmathfunct
ions.round.code.tex)
(C:\Users\roman\AppData\Local\Programs\MiKTeX\tex/generic/pgf/math\pgfmathfunct
ions.misc.code.tex)
(C:\Users\roman\AppData\Local\Programs\MiKTeX\tex/generic/pgf/math\pgfmathfunct
ions.integerarithmetics.code.tex)
(C:\Users\roman\AppData\Local\Programs\MiKTeX\tex/generic/pgf/math\pgfmathcalc.
code.tex)
(C:\Users\roman\AppData\Local\Programs\MiKTeX\tex/generic/pgf/math\pgfmathfloat
.code.tex
\c@pgfmathroundto@lastzeros=\count276
))
(C:\Users\roman\AppData\Local\Programs\MiKTeX\tex/generic/pgf/math\pgfint.code.
tex)
(C:\Users\roman\AppData\Local\Programs\MiKTeX\tex/generic/pgf/basiclayer\pgfcor
epoints.code.tex
File: pgfcorepoints.code.tex 2023-01-15 v3.1.10 (3.1.10)
\pgf@picminx=\dimen157
\pgf@picmaxx=\dimen158
\pgf@picminy=\dimen159
\pgf@picmaxy=\dimen160
\pgf@pathminx=\dimen161
\pgf@pathmaxx=\dimen162
\pgf@pathminy=\dimen163
\pgf@pathmaxy=\dimen164
\pgf@xx=\dimen165
\pgf@xy=\dimen166
\pgf@yx=\dimen167
\pgf@yy=\dimen168
\pgf@zx=\dimen169
\pgf@zy=\dimen170
)
(C:\Users\roman\AppData\Local\Programs\MiKTeX\tex/generic/pgf/basiclayer\pgfcor
epathconstruct.code.tex
File: pgfcorepathconstruct.code.tex 2023-01-15 v3.1.10 (3.1.10)
\pgf@path@lastx=\dimen171
\pgf@path@lasty=\dimen172
)
(C:\Users\roman\AppData\Local\Programs\MiKTeX\tex/generic/pgf/basiclayer\pgfcor
epathusage.code.tex
File: pgfcorepathusage.code.tex 2023-01-15 v3.1.10 (3.1.10)
\pgf@shorten@end@additional=\dimen173
\pgf@shorten@start@additional=\dimen174
)
(C:\Users\roman\AppData\Local\Programs\MiKTeX\tex/generic/pgf/basiclayer\pgfcor
escopes.code.tex
File: pgfcorescopes.code.tex 2023-01-15 v3.1.10 (3.1.10)
\pgfpic=\box54
\pgf@hbox=\box55
\pgf@layerbox@main=\box56
\pgf@picture@serial@count=\count277
)
(C:\Users\roman\AppData\Local\Programs\MiKTeX\tex/generic/pgf/basiclayer\pgfcor
egraphicstate.code.tex
File: pgfcoregraphicstate.code.tex 2023-01-15 v3.1.10 (3.1.10)
\pgflinewidth=\dimen175
)
(C:\Users\roman\AppData\Local\Programs\MiKTeX\tex/generic/pgf/basiclayer\pgfcor
etransformations.code.tex
File: pgfcoretransformations.code.tex 2023-01-15 v3.1.10 (3.1.10)
\pgf@pt@x=\dimen176
\pgf@pt@y=\dimen177
\pgf@pt@temp=\dimen178
)
(C:\Users\roman\AppData\Local\Programs\MiKTeX\tex/generic/pgf/basiclayer\pgfcor
equick.code.tex
File: pgfcorequick.code.tex 2023-01-15 v3.1.10 (3.1.10)
)
(C:\Users\roman\AppData\Local\Programs\MiKTeX\tex/generic/pgf/basiclayer\pgfcor
eobjects.code.tex
File: pgfcoreobjects.code.tex 2023-01-15 v3.1.10 (3.1.10)
)
(C:\Users\roman\AppData\Local\Programs\MiKTeX\tex/generic/pgf/basiclayer\pgfcor
epathprocessing.code.tex
File: pgfcorepathprocessing.code.tex 2023-01-15 v3.1.10 (3.1.10)
)
(C:\Users\roman\AppData\Local\Programs\MiKTeX\tex/generic/pgf/basiclayer\pgfcor
earrows.code.tex
File: pgfcorearrows.code.tex 2023-01-15 v3.1.10 (3.1.10)
\pgfarrowsep=\dimen179
)
(C:\Users\roman\AppData\Local\Programs\MiKTeX\tex/generic/pgf/basiclayer\pgfcor
eshade.code.tex
File: pgfcoreshade.code.tex 2023-01-15 v3.1.10 (3.1.10)
\pgf@max=\dimen180
\pgf@sys@shading@range@num=\count278
\pgf@shadingcount=\count279
)
(C:\Users\roman\AppData\Local\Programs\MiKTeX\tex/generic/pgf/basiclayer\pgfcor
eimage.code.tex
File: pgfcoreimage.code.tex 2023-01-15 v3.1.10 (3.1.10)
)
(C:\Users\roman\AppData\Local\Programs\MiKTeX\tex/generic/pgf/basiclayer\pgfcor
eexternal.code.tex
File: pgfcoreexternal.code.tex 2023-01-15 v3.1.10 (3.1.10)
\pgfexternal@startupbox=\box57
)
(C:\Users\roman\AppData\Local\Programs\MiKTeX\tex/generic/pgf/basiclayer\pgfcor
elayers.code.tex
File: pgfcorelayers.code.tex 2023-01-15 v3.1.10 (3.1.10)
)
(C:\Users\roman\AppData\Local\Programs\MiKTeX\tex/generic/pgf/basiclayer\pgfcor
etransparency.code.tex
File: pgfcoretransparency.code.tex 2023-01-15 v3.1.10 (3.1.10)
)
(C:\Users\roman\AppData\Local\Programs\MiKTeX\tex/generic/pgf/basiclayer\pgfcor
epatterns.code.tex
File: pgfcorepatterns.code.tex 2023-01-15 v3.1.10 (3.1.10)
)
(C:\Users\roman\AppData\Local\Programs\MiKTeX\tex/generic/pgf/basiclayer\pgfcor
erdf.code.tex
File: pgfcorerdf.code.tex 2023-01-15 v3.1.10 (3.1.10)
)))
(C:\Users\roman\AppData\Local\Programs\MiKTeX\tex/generic/pgf/modules\pgfmodule
shapes.code.tex
File: pgfmoduleshapes.code.tex 2023-01-15 v3.1.10 (3.1.10)
\pgfnodeparttextbox=\box58
)
(C:\Users\roman\AppData\Local\Programs\MiKTeX\tex/generic/pgf/modules\pgfmodule
plot.code.tex
File: pgfmoduleplot.code.tex 2023-01-15 v3.1.10 (3.1.10)
)
(C:\Users\roman\AppData\Local\Programs\MiKTeX\tex/latex/pgf/compatibility\pgfco
mp-version-0-65.sty
Package: pgfcomp-version-0-65 2023-01-15 v3.1.10 (3.1.10)
\pgf@nodesepstart=\dimen181
\pgf@nodesepend=\dimen182
)
(C:\Users\roman\AppData\Local\Programs\MiKTeX\tex/latex/pgf/compatibility\pgfco
mp-version-1-18.sty
Package: pgfcomp-version-1-18 2023-01-15 v3.1.10 (3.1.10)
))
(C:\Users\roman\AppData\Local\Programs\MiKTeX\tex/latex/pgf/utilities\pgffor.st
y
(C:\Users\roman\AppData\Local\Programs\MiKTeX\tex/latex/pgf/utilities\pgfkeys.s
ty
(C:\Users\roman\AppData\Local\Programs\MiKTeX\tex/generic/pgf/utilities\pgfkeys
.code.tex))
(C:\Users\roman\AppData\Local\Programs\MiKTeX\tex/latex/pgf/math\pgfmath.sty
(C:\Users\roman\AppData\Local\Programs\MiKTeX\tex/generic/pgf/math\pgfmath.code
.tex))
(C:\Users\roman\AppData\Local\Programs\MiKTeX\tex/generic/pgf/utilities\pgffor.
code.tex
Package: pgffor 2023-01-15 v3.1.10 (3.1.10)
\pgffor@iter=\dimen183
\pgffor@skip=\dimen184
\pgffor@stack=\toks28
\pgffor@toks=\toks29
))
(C:\Users\roman\AppData\Local\Programs\MiKTeX\tex/generic/pgf/frontendlayer/tik
z\tikz.code.tex
Package: tikz 2023-01-15 v3.1.10 (3.1.10)

(C:\Users\roman\AppData\Local\Programs\MiKTeX\tex/generic/pgf/libraries\pgflibr
aryplothandlers.code.tex
File: pgflibraryplothandlers.code.tex 2023-01-15 v3.1.10 (3.1.10)
\pgf@plot@mark@count=\count280
\pgfplotmarksize=\dimen185
)
\tikz@lastx=\dimen186
\tikz@lasty=\dimen187
\tikz@lastxsaved=\dimen188
\tikz@lastysaved=\dimen189
\tikz@lastmovetox=\dimen190
\tikz@lastmovetoy=\dimen191
\tikzleveldistance=\dimen192
\tikzsiblingdistance=\dimen193
\tikz@figbox=\box59
\tikz@figbox@bg=\box60
\tikz@tempbox=\box61
\tikz@tempbox@bg=\box62
\tikztreelevel=\count281
\tikznumberofchildren=\count282
\tikznumberofcurrentchild=\count283
\tikz@fig@count=\count284

(C:\Users\roman\AppData\Local\Programs\MiKTeX\tex/generic/pgf/modules\pgfmodule
matrix.code.tex
File: pgfmodulematrix.code.tex 2023-01-15 v3.1.10 (3.1.10)
\pgfmatrixcurrentrow=\count285
\pgfmatrixcurrentcolumn=\count286
\pgf@matrix@numberofcolumns=\count287
)
\tikz@expandcount=\count288

(C:\Users\roman\AppData\Local\Programs\MiKTeX\tex/generic/pgf/frontendlayer/tik
z/libraries\tikzlibrarytopaths.code.tex
File: tikzlibrarytopaths.code.tex 2023-01-15 v3.1.10 (3.1.10)
)))
(C:\Users\roman\AppData\Local\Programs\MiKTeX\tex/generic/babel\babel.sty
Package: babel 2024/06/26 v24.7 The Babel package
\babel@savecnt=\count289
\U@D=\dimen194
\l@unhyphenated=\language79

(C:\Users\roman\AppData\Local\Programs\MiKTeX\tex/generic/babel\txtbabel.def)
\bbl@readstream=\read3
\bbl@dirlevel=\count290

*************************************
* Local config file bblopts.cfg used
*
(C:\Users\roman\AppData\Local\Programs\MiKTeX\tex/latex/arabi\bblopts.cfg
File: bblopts.cfg 2005/09/08 v0.1 add Arabic and Farsi to "declared" options of
 babel
)
(C:\Users\roman\AppData\Local\Programs\MiKTeX\tex/latex/babel-czech\czech.ldf
Language: czech 2008/07/06 v3.1a Czech support from the babel system
Package babel Info: Making " an active character on input line 172.
\cs@wordlen=\count291
Package babel Info: Making - an active character on input line 226.
))
(C:\Users\roman\AppData\Local\Programs\MiKTeX\tex/generic/babel/locale/cs\babel
-czech.tex
Package babel Info: Importing font and identification data for czech
(babel)             from babel-cs.ini. Reported on input line 11.
)
(C:\Users\roman\AppData\Local\Programs\MiKTeX\tex/latex/amsfonts\amssymb.sty
Package: amssymb 2013/01/14 v3.01 AMS font symbols

(C:\Users\roman\AppData\Local\Programs\MiKTeX\tex/latex/amsfonts\amsfonts.sty
Package: amsfonts 2013/01/14 v3.01 Basic AMSFonts support
\@emptytoks=\toks30
\symAMSa=\mathgroup4
\symAMSb=\mathgroup5
LaTeX Font Info:    Redeclaring math symbol \hbar on input line 98.
LaTeX Font Info:    Overwriting math alphabet `\mathfrak' in version `bold'
(Font)                  U/euf/m/n --> U/euf/b/n on input line 106.
)) (C:\Users\roman\AppData\Local\Programs\MiKTeX\tex/latex/fp\fp.sty
Package: fp 1995/04/02

`Fixed Point Package', Version 0.8, April 2, 1995 (C) Michael Mehlich
(C:\Users\roman\AppData\Local\Programs\MiKTeX\tex/latex/fp\defpattern.sty
Package: defpattern 1994/10/12
\actioncount=\count292
)
(C:\Users\roman\AppData\Local\Programs\MiKTeX\tex/latex/fp\fp-basic.sty
Package: fp-basic 1996/05/13
\FP@xs=\count293
\FP@xia=\count294
\FP@xib=\count295
\FP@xfa=\count296
\FP@xfb=\count297
\FP@rega=\count298
\FP@regb=\count299
\FP@regs=\count300
\FP@times=\count301
)
(C:\Users\roman\AppData\Local\Programs\MiKTeX\tex/latex/fp\fp-addons.sty
Package: fp-addons 1995/03/15
)
(C:\Users\roman\AppData\Local\Programs\MiKTeX\tex/latex/fp\fp-snap.sty
Package: fp-snap 1995/04/05
)
(C:\Users\roman\AppData\Local\Programs\MiKTeX\tex/latex/fp\fp-exp.sty
Package: fp-exp 1995/04/03
)
(C:\Users\roman\AppData\Local\Programs\MiKTeX\tex/latex/fp\fp-trigo.sty
Package: fp-trigo 1995/04/14
)
(C:\Users\roman\AppData\Local\Programs\MiKTeX\tex/latex/fp\fp-pas.sty
Package: fp-pas 1994/08/29
)
(C:\Users\roman\AppData\Local\Programs\MiKTeX\tex/latex/fp\fp-random.sty
Package: fp-random 1995/02/23
\FPseed=\count302
)
(C:\Users\roman\AppData\Local\Programs\MiKTeX\tex/latex/fp\fp-eqn.sty
Package: fp-eqn 1995/04/03
)
(C:\Users\roman\AppData\Local\Programs\MiKTeX\tex/latex/fp\fp-upn.sty
Package: fp-upn 1996/10/21
)
(C:\Users\roman\AppData\Local\Programs\MiKTeX\tex/latex/fp\fp-eval.sty
Package: fp-eval 1995/04/03
))
(C:\Users\roman\AppData\Local\Programs\MiKTeX\tex/latex/adjustbox\adjustbox.sty
Package: adjustbox 2022/10/17 v1.3a Adjusting TeX boxes (trim, clip, ...)
(C:\Users\roman\AppData\Local\Programs\MiKTeX\tex/latex/xkeyval\xkeyval.sty
Package: xkeyval 2022/06/16 v2.9 package option processing (HA)

(C:\Users\roman\AppData\Local\Programs\MiKTeX\tex/generic/xkeyval\xkeyval.tex
(C:\Users\roman\AppData\Local\Programs\MiKTeX\tex/generic/xkeyval\xkvutils.tex
\XKV@toks=\toks31
\XKV@tempa@toks=\toks32
)
\XKV@depth=\count303
File: xkeyval.tex 2014/12/03 v2.7a key=value parser (HA)
))
(C:\Users\roman\AppData\Local\Programs\MiKTeX\tex/latex/adjustbox\adjcalc.sty
Package: adjcalc 2012/05/16 v1.1 Provides advanced setlength with multiple back
-ends (calc, etex, pgfmath)
)
(C:\Users\roman\AppData\Local\Programs\MiKTeX\tex/latex/adjustbox\trimclip.sty
Package: trimclip 2020/08/19 v1.2 Trim and clip general TeX material

(C:\Users\roman\AppData\Local\Programs\MiKTeX\tex/latex/collectbox\collectbox.s
ty
Package: collectbox 2022/10/17 v0.4c Collect macro arguments as boxes
\collectedbox=\box63
)
\tc@llx=\dimen195
\tc@lly=\dimen196
\tc@urx=\dimen197
\tc@ury=\dimen198
Package trimclip Info: Using driver 'tc-pdftex.def'.

(C:\Users\roman\AppData\Local\Programs\MiKTeX\tex/latex/adjustbox\tc-pdftex.def
File: tc-pdftex.def 2019/01/04 v2.2 Clipping driver for pdftex
))
\adjbox@Width=\dimen199
\adjbox@Height=\dimen256
\adjbox@Depth=\dimen257
\adjbox@Totalheight=\dimen258
\adjbox@pwidth=\dimen259
\adjbox@pheight=\dimen260
\adjbox@pdepth=\dimen261
\adjbox@ptotalheight=\dimen262

(C:\Users\roman\AppData\Local\Programs\MiKTeX\tex/latex/ifoddpage\ifoddpage.sty
Package: ifoddpage 2022/10/18 v1.2 Conditionals for odd/even page detection
\c@checkoddpage=\count304
) (C:\Users\roman\AppData\Local\Programs\MiKTeX\tex/latex/varwidth\varwidth.sty
Package: varwidth 2009/03/30 ver 0.92;  Variable-width minipages
\@vwid@box=\box64
\sift@deathcycles=\count305
\@vwid@loff=\dimen263
\@vwid@roff=\dimen264
))
(C:\Users\roman\AppData\Local\Programs\MiKTeX\tex/generic/pgf/frontendlayer/tik
z/libraries\tikzlibraryshapes.geometric.code.tex
File: tikzlibraryshapes.geometric.code.tex 2023-01-15 v3.1.10 (3.1.10)

(C:\Users\roman\AppData\Local\Programs\MiKTeX\tex/generic/pgf/libraries/shapes\
pgflibraryshapes.geometric.code.tex
File: pgflibraryshapes.geometric.code.tex 2023-01-15 v3.1.10 (3.1.10)
))
(C:\Users\roman\AppData\Local\Programs\MiKTeX\tex/generic/pgf/frontendlayer/tik
z/libraries\tikzlibraryarrows.code.tex
File: tikzlibraryarrows.code.tex 2023-01-15 v3.1.10 (3.1.10)

(C:\Users\roman\AppData\Local\Programs\MiKTeX\tex/generic/pgf/libraries\pgflibr
aryarrows.code.tex
File: pgflibraryarrows.code.tex 2023-01-15 v3.1.10 (3.1.10)
\arrowsize=\dimen265
))
\pgf@layerbox@background layer=\box65
\pgf@layerboxsaved@background layer=\box66
\pgf@layerbox@foreground layer=\box67
\pgf@layerboxsaved@foreground layer=\box68

(C:\Users\roman\AppData\Local\Programs\MiKTeX\tex/generic/pgf/frontendlayer/tik
z/libraries\tikzlibrarymath.code.tex
(C:\Users\roman\AppData\Local\Programs\MiKTeX\tex/generic/pgf/frontendlayer/tik
z/libraries\tikzlibraryfpu.code.tex
(C:\Users\roman\AppData\Local\Programs\MiKTeX\tex/generic/pgf/libraries\pgflibr
aryfpu.code.tex))
\tikz@math@for@depth=\count306
\tikz@math@dimen=\dimen266
\tikz@math@toks=\toks33
)
\foobox=\box69

(C:\Users\roman\AppData\Local\Programs\MiKTeX\tex/latex/l3backend\l3backend-pdf
tex.def
File: l3backend-pdftex.def 2024-05-08 L3 backend support: PDF output (pdfTeX)
\l__color_backend_stack_int=\count307
\l__pdf_internal_box=\box70
) (main.aux)
\openout1 = `main.aux'.

LaTeX Font Info:    Checking defaults for OML/cmm/m/it on input line 50.
LaTeX Font Info:    ... okay on input line 50.
LaTeX Font Info:    Checking defaults for OMS/cmsy/m/n on input line 50.
LaTeX Font Info:    ... okay on input line 50.
LaTeX Font Info:    Checking defaults for OT1/cmr/m/n on input line 50.
LaTeX Font Info:    ... okay on input line 50.
LaTeX Font Info:    Checking defaults for T1/cmr/m/n on input line 50.
LaTeX Font Info:    ... okay on input line 50.
LaTeX Font Info:    Checking defaults for TS1/cmr/m/n on input line 50.
LaTeX Font Info:    ... okay on input line 50.
LaTeX Font Info:    Checking defaults for OMX/cmex/m/n on input line 50.
LaTeX Font Info:    ... okay on input line 50.
LaTeX Font Info:    Checking defaults for U/cmr/m/n on input line 50.
LaTeX Font Info:    ... okay on input line 50.

(C:\Users\roman\AppData\Local\Programs\MiKTeX\tex/context/base/mkii\supp-pdf.mk
ii
[Loading MPS to PDF converter (version 2006.09.02).]
\scratchcounter=\count308
\scratchdimen=\dimen267
\scratchbox=\box71
\nofMPsegments=\count309
\nofMParguments=\count310
\everyMPshowfont=\toks34
\MPscratchCnt=\count311
\MPscratchDim=\dimen268
\MPnumerator=\count312
\makeMPintoPDFobject=\count313
\everyMPtoPDFconversion=\toks35
)
(C:\Users\roman\AppData\Local\Programs\MiKTeX\tex/latex/epstopdf-pkg\epstopdf-b
ase.sty
Package: epstopdf-base 2020-01-24 v2.11 Base part for package epstopdf
Package epstopdf-base Info: Redefining graphics rule for `.eps' on input line 4
85.

(C:\Users\roman\AppData\Local\Programs\MiKTeX\tex/latex/00miktex\epstopdf-sys.c
fg
File: epstopdf-sys.cfg 2021/03/18 v2.0 Configuration of epstopdf for MiKTeX
)) ( FP-DIV ) ( FP-TAN )
Missing character: There is no ; in font nullfont!
( FP-DIV ) ( FP-TAN )
Missing character: There is no ; in font nullfont!
( FP-DIV ) ( FP-TAN )
Missing character: There is no ; in font nullfont!
( FP-DIV ) ( FP-TAN )
Missing character: There is no ; in font nullfont!
( FP-DIV ) ( FP-TAN )
Missing character: There is no ; in font nullfont!
( FP-DIV ) ( FP-TAN )
Missing character: There is no ; in font nullfont!
( FP-DIV ) ( FP-TAN )
Missing character: There is no ; in font nullfont!
( FP-DIV ) ( FP-TAN )
Missing character: There is no ; in font nullfont!
( FP-DIV ) ( FP-TAN )
Missing character: There is no ; in font nullfont!
( FP-DIV ) ( FP-TAN )
Missing character: There is no ; in font nullfont!
( FP-DIV ) ( FP-TAN )
Missing character: There is no ; in font nullfont!
( FP-DIV ) ( FP-TAN )
Missing character: There is no ; in font nullfont!
( FP-DIV ) ( FP-TAN )
Missing character: There is no ; in font nullfont!
( FP-DIV ) ( FP-TAN )
Missing character: There is no ; in font nullfont!
( FP-DIV ) ( FP-TAN )
Missing character: There is no ; in font nullfont!
( FP-DIV ) ( FP-TAN )
Missing character: There is no ; in font nullfont!
( FP-DIV ) ( FP-TAN )
Missing character: There is no ; in font nullfont!
( FP-DIV ) ( FP-TAN )
Missing character: There is no ; in font nullfont!
( FP-DIV ) ( FP-TAN )
Missing character: There is no ; in font nullfont!
( FP-DIV ) ( FP-TAN )
Missing character: There is no ; in font nullfont!
( FP-DIV ) ( FP-TAN )
Missing character: There is no ; in font nullfont!
( FP-DIV ) ( FP-TAN )
Missing character: There is no ; in font nullfont!
( FP-DIV ) ( FP-TAN )
Missing character: There is no ; in font nullfont!
( FP-DIV ) ( FP-TAN )
Missing character: There is no ; in font nullfont!
( FP-DIV ) ( FP-TAN )
Missing character: There is no ; in font nullfont!
( FP-DIV ) ( FP-TAN )
Missing character: There is no ; in font nullfont!
( FP-DIV ) ( FP-TAN )
Missing character: There is no ; in font nullfont!
( FP-DIV ) ( FP-TAN )
Missing character: There is no ; in font nullfont!
( FP-DIV ) ( FP-TAN )
Missing character: There is no ; in font nullfont!
( FP-DIV ) ( FP-TAN )
Missing character: There is no ; in font nullfont!
( FP-DIV ) ( FP-TAN )
Missing character: There is no ; in font nullfont!
( FP-DIV ) ( FP-TAN )
Missing character: There is no ; in font nullfont!
( FP-DIV ) ( FP-TAN )
Missing character: There is no ; in font nullfont!
( FP-DIV ) ( FP-TAN )
Missing character: There is no ; in font nullfont!
( FP-DIV ) ( FP-TAN )
Missing character: There is no ; in font nullfont!
( FP-DIV ) ( FP-TAN )
Missing character: There is no ; in font nullfont!
( FP-DIV ) ( FP-TAN )
Missing character: There is no ; in font nullfont!
( FP-DIV ) ( FP-TAN )
Missing character: There is no ; in font nullfont!
( FP-DIV ) ( FP-TAN )
Missing character: There is no ; in font nullfont!
( FP-DIV ) ( FP-TAN )
Missing character: There is no ; in font nullfont!
( FP-DIV ) ( FP-TAN )
Missing character: There is no ; in font nullfont!
( FP-DIV ) ( FP-TAN )
Missing character: There is no ; in font nullfont!
( FP-DIV ) ( FP-TAN )
Missing character: There is no ; in font nullfont!
( FP-DIV ) ( FP-TAN )
Missing character: There is no ; in font nullfont!
( FP-DIV ) ( FP-TAN )
Missing character: There is no ; in font nullfont!
( FP-DIV ) ( FP-TAN )
Missing character: There is no ; in font nullfont!
( FP-DIV ) ( FP-TAN )
Missing character: There is no ; in font nullfont!
( FP-DIV ) ( FP-TAN )
Missing character: There is no ; in font nullfont!
( FP-DIV ) ( FP-TAN )
Missing character: There is no ; in font nullfont!
( FP-DIV ) ( FP-TAN )
Missing character: There is no ; in font nullfont!
( FP-DIV ) ( FP-TAN )
Missing character: There is no ; in font nullfont!
( FP-DIV ) ( FP-TAN )
Missing character: There is no ; in font nullfont!
( FP-DIV ) ( FP-TAN )
Missing character: There is no ; in font nullfont!
( FP-DIV ) ( FP-TAN )
Missing character: There is no ; in font nullfont!
( FP-DIV ) ( FP-TAN )
Missing character: There is no ; in font nullfont!
( FP-DIV ) ( FP-TAN )
Missing character: There is no ; in font nullfont!
( FP-DIV ) ( FP-TAN )
Missing character: There is no ; in font nullfont!
( FP-DIV ) ( FP-TAN )
Missing character: There is no ; in font nullfont!
( FP-DIV ) ( FP-TAN )
Missing character: There is no ; in font nullfont!
( FP-DIV ) ( FP-TAN )
Missing character: There is no ; in font nullfont!
( FP-DIV ) ( FP-TAN )
Missing character: There is no ; in font nullfont!
( FP-DIV ) ( FP-TAN )
Missing character: There is no ; in font nullfont!
( FP-DIV ) ( FP-TAN )
Missing character: There is no ; in font nullfont!
( FP-DIV ) ( FP-TAN )
Missing character: There is no ; in font nullfont!
( FP-DIV ) ( FP-TAN )
Missing character: There is no ; in font nullfont!
( FP-DIV ) ( FP-TAN )
Missing character: There is no ; in font nullfont!
( FP-DIV ) ( FP-TAN )
Missing character: There is no ; in font nullfont!
( FP-DIV ) ( FP-TAN )
Missing character: There is no ; in font nullfont!
( FP-DIV ) ( FP-TAN )
Missing character: There is no ; in font nullfont!
( FP-DIV ) ( FP-TAN )
Missing character: There is no ; in font nullfont!
( FP-DIV ) ( FP-TAN )
Missing character: There is no ; in font nullfont!
( FP-DIV ) ( FP-TAN )
Missing character: There is no ; in font nullfont!
( FP-DIV ) ( FP-TAN )
Missing character: There is no ; in font nullfont!
( FP-DIV ) ( FP-TAN )
Missing character: There is no ; in font nullfont!
( FP-DIV ) ( FP-TAN )
Missing character: There is no ; in font nullfont!
( FP-DIV ) ( FP-TAN )
Missing character: There is no ; in font nullfont!
( FP-DIV ) ( FP-TAN )
Missing character: There is no ; in font nullfont!
( FP-DIV ) ( FP-TAN )
Missing character: There is no ; in font nullfont!
( FP-DIV ) ( FP-TAN )
Missing character: There is no ; in font nullfont!
( FP-DIV ) ( FP-TAN )
Missing character: There is no ; in font nullfont!
( FP-DIV ) ( FP-TAN )
Missing character: There is no ; in font nullfont!
( FP-DIV ) ( FP-TAN )
Missing character: There is no ; in font nullfont!
( FP-DIV ) ( FP-TAN )
Missing character: There is no ; in font nullfont!
( FP-DIV ) ( FP-TAN )
Missing character: There is no ; in font nullfont!
( FP-DIV ) ( FP-TAN )
Missing character: There is no ; in font nullfont!
( FP-DIV ) ( FP-TAN )
Missing character: There is no ; in font nullfont!
( FP-DIV ) ( FP-TAN )
Missing character: There is no ; in font nullfont!
( FP-DIV ) ( FP-TAN )
Missing character: There is no ; in font nullfont!
( FP-DIV ) ( FP-TAN )
Missing character: There is no ; in font nullfont!
( FP-DIV ) ( FP-TAN )
Missing character: There is no ; in font nullfont!
( FP-DIV ) ( FP-TAN )
Missing character: There is no ; in font nullfont!
( FP-DIV ) ( FP-TAN )
Missing character: There is no ; in font nullfont!
( FP-DIV ) ( FP-TAN )
Missing character: There is no ; in font nullfont!
( FP-DIV ) ( FP-TAN )
Missing character: There is no ; in font nullfont!
( FP-DIV ) ( FP-TAN )
Missing character: There is no ; in font nullfont!
( FP-DIV ) ( FP-TAN )
Missing character: There is no ; in font nullfont!
( FP-DIV ) ( FP-TAN )
Missing character: There is no ; in font nullfont!
( FP-DIV ) ( FP-TAN )
Missing character: There is no ; in font nullfont!
( FP-DIV ) ( FP-TAN )
Missing character: There is no ; in font nullfont!
( FP-DIV ) ( FP-TAN )
Missing character: There is no ; in font nullfont!
( FP-DIV ) ( FP-TAN )
Missing character: There is no ; in font nullfont!
( FP-DIV ) ( FP-TAN )
Missing character: There is no ; in font nullfont!
( FP-DIV ) ( FP-TAN )
Missing character: There is no ; in font nullfont!
( FP-DIV ) ( FP-TAN )
Missing character: There is no ; in font nullfont!
( FP-DIV ) ( FP-TAN )
Missing character: There is no ; in font nullfont!
( FP-DIV ) ( FP-TAN )
Missing character: There is no ; in font nullfont!
( FP-DIV ) ( FP-TAN )
Missing character: There is no ; in font nullfont!
( FP-DIV ) ( FP-TAN )
Missing character: There is no ; in font nullfont!
( FP-DIV ) ( FP-TAN )
Missing character: There is no ; in font nullfont!
( FP-DIV ) ( FP-TAN )
Missing character: There is no ; in font nullfont!
( FP-DIV ) ( FP-TAN )
Missing character: There is no ; in font nullfont!
( FP-DIV ) ( FP-TAN )
Missing character: There is no ; in font nullfont!
( FP-DIV ) ( FP-TAN )
Missing character: There is no ; in font nullfont!
( FP-DIV ) ( FP-TAN )
Missing character: There is no ; in font nullfont!
( FP-DIV ) ( FP-TAN )
Missing character: There is no ; in font nullfont!
( FP-DIV ) ( FP-TAN )
Missing character: There is no ; in font nullfont!
( FP-DIV ) ( FP-TAN )
Missing character: There is no ; in font nullfont!
( FP-DIV ) ( FP-TAN )
Missing character: There is no ; in font nullfont!
( FP-DIV ) ( FP-TAN )
Missing character: There is no ; in font nullfont!
( FP-DIV ) ( FP-TAN )
Missing character: There is no ; in font nullfont!
( FP-DIV ) ( FP-TAN )
Missing character: There is no ; in font nullfont!
( FP-DIV ) ( FP-TAN )
Missing character: There is no ; in font nullfont!
( FP-DIV ) ( FP-TAN )
Missing character: There is no ; in font nullfont!
( FP-DIV ) ( FP-TAN )
Missing character: There is no ; in font nullfont!
( FP-DIV ) ( FP-TAN )
Missing character: There is no ; in font nullfont!
( FP-DIV ) ( FP-TAN )
Missing character: There is no ; in font nullfont!
( FP-DIV ) ( FP-TAN )
Missing character: There is no ; in font nullfont!
( FP-DIV ) ( FP-TAN )
Missing character: There is no ; in font nullfont!
( FP-DIV ) ( FP-TAN )
Missing character: There is no ; in font nullfont!
( FP-DIV ) ( FP-TAN )
Missing character: There is no ; in font nullfont!
( FP-DIV ) ( FP-TAN )
Missing character: There is no ; in font nullfont!
( FP-DIV ) ( FP-TAN )
Missing character: There is no ; in font nullfont!
( FP-DIV ) ( FP-TAN )
Missing character: There is no ; in font nullfont!
( FP-DIV ) ( FP-TAN )
Missing character: There is no ; in font nullfont!
( FP-DIV ) ( FP-TAN )
Missing character: There is no ; in font nullfont!
( FP-DIV ) ( FP-TAN )
Missing character: There is no ; in font nullfont!
( FP-DIV ) ( FP-TAN )
Missing character: There is no ; in font nullfont!
( FP-DIV ) ( FP-TAN )
Missing character: There is no ; in font nullfont!
( FP-DIV ) ( FP-TAN )
Missing character: There is no ; in font nullfont!
( FP-DIV ) ( FP-TAN )
Missing character: There is no ; in font nullfont!
( FP-DIV ) ( FP-TAN )
Missing character: There is no ; in font nullfont!
( FP-DIV ) ( FP-TAN )
Missing character: There is no ; in font nullfont!
( FP-DIV ) ( FP-TAN )
Missing character: There is no ; in font nullfont!
( FP-DIV ) ( FP-TAN )
Missing character: There is no ; in font nullfont!
( FP-DIV ) ( FP-TAN )
Missing character: There is no ; in font nullfont!
( FP-DIV ) ( FP-TAN )
Missing character: There is no ; in font nullfont!
( FP-DIV ) ( FP-TAN )
Missing character: There is no ; in font nullfont!
( FP-DIV ) ( FP-TAN )
Missing character: There is no ; in font nullfont!
( FP-DIV ) ( FP-TAN )
Missing character: There is no ; in font nullfont!
( FP-DIV ) ( FP-TAN )
Missing character: There is no ; in font nullfont!
( FP-DIV ) ( FP-TAN )
Missing character: There is no ; in font nullfont!
( FP-DIV ) ( FP-TAN )
Missing character: There is no ; in font nullfont!
( FP-DIV ) ( FP-TAN )
Missing character: There is no ; in font nullfont!
( FP-DIV ) ( FP-TAN )
Missing character: There is no ; in font nullfont!
( FP-DIV ) ( FP-TAN )
Missing character: There is no ; in font nullfont!
( FP-DIV ) ( FP-TAN )
Missing character: There is no ; in font nullfont!
( FP-DIV ) ( FP-TAN )
Missing character: There is no ; in font nullfont!
( FP-DIV ) ( FP-TAN )
Missing character: There is no ; in font nullfont!
( FP-DIV ) ( FP-TAN )
Missing character: There is no ; in font nullfont!
( FP-DIV ) ( FP-TAN )
Missing character: There is no ; in font nullfont!
( FP-DIV ) ( FP-TAN )
Missing character: There is no ; in font nullfont!
( FP-DIV ) ( FP-TAN )
Missing character: There is no ; in font nullfont!
( FP-DIV ) ( FP-TAN )
Missing character: There is no ; in font nullfont!
( FP-DIV ) ( FP-TAN )
Missing character: There is no ; in font nullfont!
( FP-DIV ) ( FP-TAN )
Missing character: There is no ; in font nullfont!
( FP-DIV ) ( FP-TAN )
Missing character: There is no ; in font nullfont!
( FP-DIV ) ( FP-TAN )
Missing character: There is no ; in font nullfont!
( FP-DIV ) ( FP-TAN )
Missing character: There is no ; in font nullfont!
( FP-DIV ) ( FP-TAN )
Missing character: There is no ; in font nullfont!
( FP-DIV ) ( FP-TAN )
Missing character: There is no ; in font nullfont!
( FP-DIV ) ( FP-TAN )
Missing character: There is no ; in font nullfont!
( FP-DIV ) ( FP-TAN )
Missing character: There is no ; in font nullfont!
( FP-DIV ) ( FP-TAN )
Missing character: There is no ; in font nullfont!
( FP-DIV ) ( FP-TAN )
Missing character: There is no ; in font nullfont!
( FP-DIV ) ( FP-TAN )
Missing character: There is no ; in font nullfont!
( FP-DIV ) ( FP-TAN )
Missing character: There is no ; in font nullfont!
( FP-DIV ) ( FP-TAN )
Missing character: There is no ; in font nullfont!
( FP-DIV ) ( FP-TAN )
Missing character: There is no ; in font nullfont!
( FP-DIV ) ( FP-TAN )
Missing character: There is no ; in font nullfont!
( FP-DIV ) ( FP-TAN )
Missing character: There is no ; in font nullfont!
( FP-DIV ) ( FP-TAN )
Missing character: There is no ; in font nullfont!
( FP-DIV ) ( FP-TAN )
Missing character: There is no ; in font nullfont!
( FP-DIV ) ( FP-TAN )
Missing character: There is no ; in font nullfont!
( FP-DIV ) ( FP-TAN )
Missing character: There is no ; in font nullfont!
( FP-DIV ) ( FP-TAN )
Missing character: There is no ; in font nullfont!
( FP-DIV ) ( FP-TAN )
Missing character: There is no ; in font nullfont!
( FP-DIV ) ( FP-TAN )
Missing character: There is no ; in font nullfont!
( FP-DIV ) ( FP-TAN )
Missing character: There is no ; in font nullfont!
( FP-DIV ) ( FP-TAN )
Missing character: There is no ; in font nullfont!
( FP-DIV ) ( FP-TAN )
Missing character: There is no ; in font nullfont!
( FP-DIV ) ( FP-TAN )
Missing character: There is no ; in font nullfont!
( FP-DIV ) ( FP-TAN )
Missing character: There is no ; in font nullfont!
( FP-DIV ) ( FP-TAN )
Missing character: There is no ; in font nullfont!
( FP-DIV ) ( FP-TAN )
Missing character: There is no ; in font nullfont!
( FP-DIV ) ( FP-TAN )
Missing character: There is no ; in font nullfont!
( FP-DIV ) ( FP-TAN )
Missing character: There is no ; in font nullfont!
( FP-DIV ) ( FP-TAN )
Missing character: There is no ; in font nullfont!
( FP-DIV ) ( FP-TAN )
Missing character: There is no ; in font nullfont!
( FP-DIV ) ( FP-TAN )
Missing character: There is no ; in font nullfont!
( FP-DIV ) ( FP-TAN )
Missing character: There is no ; in font nullfont!
( FP-DIV ) ( FP-TAN )
Missing character: There is no ; in font nullfont!
( FP-DIV ) ( FP-TAN )
Missing character: There is no ; in font nullfont!
( FP-DIV ) ( FP-TAN )
Missing character: There is no ; in font nullfont!
( FP-DIV ) ( FP-TAN )
Missing character: There is no ; in font nullfont!
( FP-DIV ) ( FP-TAN )
Missing character: There is no ; in font nullfont!
( FP-DIV ) ( FP-TAN )
Missing character: There is no ; in font nullfont!
( FP-DIV ) ( FP-TAN )
Missing character: There is no ; in font nullfont!
( FP-DIV ) ( FP-TAN )
Missing character: There is no ; in font nullfont!
( FP-DIV ) ( FP-TAN )
Missing character: There is no ; in font nullfont!
( FP-DIV ) ( FP-TAN )
Missing character: There is no ; in font nullfont!
( FP-DIV ) ( FP-TAN )
Missing character: There is no ; in font nullfont!
( FP-DIV ) ( FP-TAN )
Missing character: There is no ; in font nullfont!
( FP-DIV ) ( FP-TAN )
Missing character: There is no ; in font nullfont!
( FP-DIV ) ( FP-TAN )
Missing character: There is no ; in font nullfont!
( FP-DIV ) ( FP-TAN )
Missing character: There is no ; in font nullfont!
( FP-DIV ) ( FP-TAN )
Missing character: There is no ; in font nullfont!
( FP-DIV ) ( FP-TAN )
Missing character: There is no ; in font nullfont!
( FP-DIV ) ( FP-TAN )
Missing character: There is no ; in font nullfont!
( FP-DIV ) ( FP-TAN )
Missing character: There is no ; in font nullfont!
( FP-DIV ) ( FP-TAN )
Missing character: There is no ; in font nullfont!
( FP-DIV ) ( FP-TAN )
Missing character: There is no ; in font nullfont!
( FP-DIV ) ( FP-TAN )
Missing character: There is no ; in font nullfont!
( FP-DIV ) ( FP-TAN )
Missing character: There is no ; in font nullfont!
( FP-DIV ) ( FP-TAN )
Missing character: There is no ; in font nullfont!
( FP-DIV ) ( FP-TAN )
Missing character: There is no ; in font nullfont!
( FP-DIV ) ( FP-TAN )
Missing character: There is no ; in font nullfont!
( FP-DIV ) ( FP-TAN )
Missing character: There is no ; in font nullfont!
( FP-DIV ) ( FP-TAN )
Missing character: There is no ; in font nullfont!
( FP-DIV ) ( FP-TAN )
Missing character: There is no ; in font nullfont!
( FP-DIV ) ( FP-TAN )
Missing character: There is no ; in font nullfont!
( FP-DIV ) ( FP-TAN )
Missing character: There is no ; in font nullfont!
( FP-DIV ) ( FP-TAN )
Missing character: There is no ; in font nullfont!
( FP-DIV ) ( FP-TAN )
Missing character: There is no ; in font nullfont!
( FP-DIV ) ( FP-TAN )
Missing character: There is no ; in font nullfont!
( FP-DIV ) ( FP-TAN )
Missing character: There is no ; in font nullfont!
( FP-DIV ) ( FP-TAN )
Missing character: There is no ; in font nullfont!
( FP-DIV ) ( FP-TAN )
Missing character: There is no ; in font nullfont!
( FP-DIV ) ( FP-TAN )
Missing character: There is no ; in font nullfont!
( FP-DIV ) ( FP-TAN )
Missing character: There is no ; in font nullfont!
( FP-DIV ) ( FP-TAN )
Missing character: There is no ; in font nullfont!
( FP-DIV ) ( FP-TAN )
Missing character: There is no ; in font nullfont!
( FP-DIV ) ( FP-TAN )
Missing character: There is no ; in font nullfont!
( FP-DIV ) ( FP-TAN )
Missing character: There is no ; in font nullfont!
( FP-DIV ) ( FP-TAN )
Missing character: There is no ; in font nullfont!
( FP-DIV ) ( FP-TAN )
Missing character: There is no ; in font nullfont!
( FP-DIV ) ( FP-TAN )
Missing character: There is no ; in font nullfont!
( FP-DIV ) ( FP-TAN )
Missing character: There is no ; in font nullfont!
( FP-DIV ) ( FP-TAN )
Missing character: There is no ; in font nullfont!
( FP-DIV ) ( FP-TAN )
Missing character: There is no ; in font nullfont!
( FP-DIV ) ( FP-TAN )
Missing character: There is no ; in font nullfont!
( FP-DIV ) ( FP-TAN )
Missing character: There is no ; in font nullfont!
( FP-DIV ) ( FP-TAN )
Missing character: There is no ; in font nullfont!
( FP-DIV ) ( FP-TAN )
Missing character: There is no ; in font nullfont!
( FP-DIV ) ( FP-TAN )
Missing character: There is no ; in font nullfont!
( FP-DIV ) ( FP-TAN )
Missing character: There is no ; in font nullfont!
( FP-DIV ) ( FP-TAN )
Missing character: There is no ; in font nullfont!
( FP-DIV ) ( FP-TAN )
Missing character: There is no ; in font nullfont!
( FP-DIV ) ( FP-TAN )
Missing character: There is no ; in font nullfont!
( FP-DIV ) ( FP-TAN )
Missing character: There is no ; in font nullfont!
( FP-DIV ) ( FP-TAN )
Missing character: There is no ; in font nullfont!
( FP-DIV ) ( FP-TAN )
Missing character: There is no ; in font nullfont!
( FP-DIV ) ( FP-TAN )
Missing character: There is no ; in font nullfont!
( FP-DIV ) ( FP-TAN )
Missing character: There is no ; in font nullfont!
( FP-DIV ) ( FP-TAN )
Missing character: There is no ; in font nullfont!
( FP-DIV ) ( FP-TAN )
Missing character: There is no ; in font nullfont!
( FP-DIV ) ( FP-TAN )
Missing character: There is no ; in font nullfont!
( FP-DIV ) ( FP-TAN )
Missing character: There is no ; in font nullfont!
( FP-DIV ) ( FP-TAN )
Missing character: There is no ; in font nullfont!
( FP-DIV ) ( FP-TAN )
Missing character: There is no ; in font nullfont!
( FP-DIV ) ( FP-TAN )
Missing character: There is no ; in font nullfont!
( FP-DIV ) ( FP-TAN )
Missing character: There is no ; in font nullfont!
( FP-DIV ) ( FP-TAN )
Missing character: There is no ; in font nullfont!
( FP-DIV ) ( FP-TAN )
Missing character: There is no ; in font nullfont!
( FP-DIV ) ( FP-TAN )
Missing character: There is no ; in font nullfont!
( FP-DIV ) ( FP-TAN )
Missing character: There is no ; in font nullfont!
( FP-DIV ) ( FP-TAN )
Missing character: There is no ; in font nullfont!
( FP-DIV ) ( FP-TAN )
Missing character: There is no ; in font nullfont!
( FP-DIV ) ( FP-TAN )
Missing character: There is no ; in font nullfont!
( FP-DIV ) ( FP-TAN )
Missing character: There is no ; in font nullfont!
( FP-DIV ) ( FP-TAN )
Missing character: There is no ; in font nullfont!
( FP-DIV ) ( FP-TAN )
Missing character: There is no ; in font nullfont!
( FP-DIV ) ( FP-TAN )
Missing character: There is no ; in font nullfont!
( FP-DIV ) ( FP-TAN )
Missing character: There is no ; in font nullfont!
( FP-DIV ) ( FP-TAN )
Missing character: There is no ; in font nullfont!
( FP-DIV ) ( FP-TAN )
Missing character: There is no ; in font nullfont!
( FP-DIV ) ( FP-TAN )
Missing character: There is no ; in font nullfont!
( FP-DIV ) ( FP-TAN )
Missing character: There is no ; in font nullfont!
( FP-DIV ) ( FP-TAN )
Missing character: There is no ; in font nullfont!
( FP-DIV ) ( FP-TAN )
Missing character: There is no ; in font nullfont!
( FP-DIV ) ( FP-TAN )
Missing character: There is no ; in font nullfont!
( FP-DIV ) ( FP-TAN )
Missing character: There is no ; in font nullfont!
( FP-DIV ) ( FP-TAN )
Missing character: There is no ; in font nullfont!
( FP-DIV ) ( FP-TAN )
Missing character: There is no ; in font nullfont!
( FP-DIV ) ( FP-TAN )
Missing character: There is no ; in font nullfont!
( FP-DIV ) ( FP-TAN )
Missing character: There is no ; in font nullfont!
( FP-DIV ) ( FP-TAN )
Missing character: There is no ; in font nullfont!
( FP-DIV ) ( FP-TAN )
Missing character: There is no ; in font nullfont!
( FP-DIV ) ( FP-TAN )
Missing character: There is no ; in font nullfont!
( FP-DIV ) ( FP-TAN )
Missing character: There is no ; in font nullfont!
( FP-DIV ) ( FP-TAN )
Missing character: There is no ; in font nullfont!
( FP-DIV ) ( FP-TAN )
Missing character: There is no ; in font nullfont!
( FP-DIV ) ( FP-TAN )
Missing character: There is no ; in font nullfont!
( FP-DIV ) ( FP-TAN )
Missing character: There is no ; in font nullfont!
( FP-DIV ) ( FP-TAN )
Missing character: There is no ; in font nullfont!
( FP-DIV ) ( FP-TAN )
Missing character: There is no ; in font nullfont!
( FP-DIV ) ( FP-TAN )
Missing character: There is no ; in font nullfont!
( FP-DIV ) ( FP-TAN )
Missing character: There is no ; in font nullfont!
( FP-DIV ) ( FP-TAN )
Missing character: There is no ; in font nullfont!
( FP-DIV ) ( FP-TAN )
Missing character: There is no ; in font nullfont!
( FP-DIV ) ( FP-TAN )
Missing character: There is no ; in font nullfont!
( FP-DIV ) ( FP-TAN )
Missing character: There is no ; in font nullfont!
( FP-DIV ) ( FP-TAN )
Missing character: There is no ; in font nullfont!
( FP-DIV ) ( FP-TAN )
Missing character: There is no ; in font nullfont!
( FP-DIV ) ( FP-TAN )
Missing character: There is no ; in font nullfont!
( FP-DIV ) ( FP-TAN )
Missing character: There is no ; in font nullfont!
( FP-DIV ) ( FP-TAN )
Missing character: There is no ; in font nullfont!
( FP-DIV ) ( FP-TAN )
Missing character: There is no ; in font nullfont!
( FP-DIV ) ( FP-TAN )
Missing character: There is no ; in font nullfont!
( FP-DIV ) ( FP-TAN )
Missing character: There is no ; in font nullfont!
( FP-DIV ) ( FP-TAN )
Missing character: There is no ; in font nullfont!
( FP-DIV ) ( FP-TAN )
Missing character: There is no ; in font nullfont!
( FP-DIV ) ( FP-TAN )
Missing character: There is no ; in font nullfont!
( FP-DIV ) ( FP-TAN )
Missing character: There is no ; in font nullfont!
( FP-DIV ) ( FP-TAN )
Missing character: There is no ; in font nullfont!
( FP-DIV ) ( FP-TAN )
Missing character: There is no ; in font nullfont!
( FP-DIV ) ( FP-TAN )
Missing character: There is no ; in font nullfont!
( FP-DIV ) ( FP-TAN )
Missing character: There is no ; in font nullfont!
( FP-DIV ) ( FP-TAN )
Missing character: There is no ; in font nullfont!
( FP-DIV ) ( FP-TAN )
Missing character: There is no ; in font nullfont!
( FP-DIV ) ( FP-TAN )
Missing character: There is no ; in font nullfont!
( FP-DIV ) ( FP-TAN )
Missing character: There is no ; in font nullfont!
( FP-DIV ) ( FP-TAN )
Missing character: There is no ; in font nullfont!
( FP-DIV ) ( FP-TAN )
Missing character: There is no ; in font nullfont!
( FP-DIV ) ( FP-TAN )
Missing character: There is no ; in font nullfont!
( FP-DIV ) ( FP-TAN )
Missing character: There is no ; in font nullfont!
( FP-DIV ) ( FP-TAN )
Missing character: There is no ; in font nullfont!
( FP-DIV ) ( FP-TAN )
Missing character: There is no ; in font nullfont!
( FP-DIV ) ( FP-TAN )
Missing character: There is no ; in font nullfont!
( FP-DIV ) ( FP-TAN )
Missing character: There is no ; in font nullfont!
( FP-DIV ) ( FP-TAN )
Missing character: There is no ; in font nullfont!
( FP-DIV ) ( FP-TAN )
Missing character: There is no ; in font nullfont!
( FP-DIV ) ( FP-TAN )
Missing character: There is no ; in font nullfont!
( FP-DIV ) ( FP-TAN )
Missing character: There is no ; in font nullfont!
( FP-DIV ) ( FP-TAN )
Missing character: There is no ; in font nullfont!
( FP-DIV ) ( FP-TAN )
Missing character: There is no ; in font nullfont!
( FP-DIV ) ( FP-TAN )
Missing character: There is no ; in font nullfont!
( FP-DIV ) ( FP-TAN )
Missing character: There is no ; in font nullfont!
( FP-DIV ) ( FP-TAN )
Missing character: There is no ; in font nullfont!
( FP-DIV ) ( FP-TAN )
Missing character: There is no ; in font nullfont!
( FP-DIV ) ( FP-TAN )
Missing character: There is no ; in font nullfont!


[1

{C:/Users/roman/AppData/Local/MiKTeX/fonts/map/pdftex/pdftex.map}]

[2] (main.aux)
 ***********
LaTeX2e <2024-06-01> patch level 2
L3 programming layer <2024-07-20>
 ***********
 ) 
Here is how much of TeX's memory you used:
 17151 strings out of 473898
 352432 string characters out of 5726479
 2304960 words of memory out of 5000000
 39741 multiletter control sequences out of 15000+600000
 558069 words of font info for 36 fonts, out of 8000000 for 9000
 1141 hyphenation exceptions out of 8191
 84i,7n,93p,412b,610s stack positions out of 10000i,1000n,20000p,200000b,200000s
<C:/Users/roman/AppData/Local/Programs/MiKTeX/fonts/type1/public/amsfonts/cm/
cmr10.pfb><C:/Users/roman/AppData/Local/Programs/MiKTeX/fonts/type1/public/amsf
onts/cm/cmr5.pfb>
Output written on main.pdf (2 pages, 68907 bytes).
PDF statistics:
 22 PDF objects out of 1000 (max. 8388607)
 0 named destinations out of 1000 (max. 500000)
 13 words of extra memory for PDF output out of 10000 (max. 10000000)

